2025-03-16 00:00:01 [scrapy.utils.log] INFO: Scrapy 2.11.0 started (bot: scrapybot)
2025-03-16 00:00:01 [scrapy.utils.log] INFO: Versions: lxml 5.3.1.0, libxml2 2.12.9, cssselect 1.3.0, parsel 1.10.0, w3lib 2.3.1, Twisted 22.10.0, Python 3.9.6 (default, Nov 11 2024, 03:15:38) - [Clang 16.0.0 (clang-1600.0.26.6)], pyOpenSSL 25.0.0 (OpenSSL 3.4.1 11 Feb 2025), cryptography 44.0.2, Platform macOS-15.1.1-arm64-arm-64bit
2025-03-16 00:00:01 [scrapy.addons] INFO: Enabled addons:
[]
2025-03-16 00:00:01 [py.warnings] WARNING: /Users/ansar/myfolio2/app/venv/lib/python3.9/site-packages/scrapy/utils/request.py:254: ScrapyDeprecationWarning: '2.6' is a deprecated value for the 'REQUEST_FINGERPRINTER_IMPLEMENTATION' setting.

It is also the default value. In other words, it is normal to get this warning if you have not defined a value for the 'REQUEST_FINGERPRINTER_IMPLEMENTATION' setting. This is so for backward compatibility reasons, but it will change in a future version of Scrapy.

See the documentation of the 'REQUEST_FINGERPRINTER_IMPLEMENTATION' setting for information on how to handle this deprecation.
  return cls(crawler)

2025-03-16 00:00:01 [scrapy.utils.log] DEBUG: Using reactor: twisted.internet.selectreactor.SelectReactor
2025-03-16 00:00:01 [scrapy.extensions.telnet] INFO: Telnet Password: 212d3a4cfcc03de7
2025-03-16 00:00:01 [scrapy.middleware] INFO: Enabled extensions:
['scrapy.extensions.corestats.CoreStats',
 'scrapy.extensions.telnet.TelnetConsole',
 'scrapy.extensions.memusage.MemoryUsage',
 'scrapy.extensions.logstats.LogStats']
2025-03-16 00:00:01 [scrapy.crawler] INFO: Overridden settings:
{}
2025-03-16 00:00:02 [py.warnings] WARNING: /Users/ansar/myfolio2/app/venv/lib/python3.9/site-packages/urllib3/__init__.py:35: NotOpenSSLWarning: urllib3 v2 only supports OpenSSL 1.1.1+, currently the 'ssl' module is compiled with 'LibreSSL 2.8.3'. See: https://github.com/urllib3/urllib3/issues/3020
  warnings.warn(

2025-03-16 00:00:02 [scrapy.middleware] INFO: Enabled downloader middlewares:
['scrapy.downloadermiddlewares.httpauth.HttpAuthMiddleware',
 'scrapy.downloadermiddlewares.downloadtimeout.DownloadTimeoutMiddleware',
 'scrapy.downloadermiddlewares.defaultheaders.DefaultHeadersMiddleware',
 'scrapy.downloadermiddlewares.useragent.UserAgentMiddleware',
 'scrapy.downloadermiddlewares.retry.RetryMiddleware',
 'scrapy.downloadermiddlewares.redirect.MetaRefreshMiddleware',
 'scrapy.downloadermiddlewares.httpcompression.HttpCompressionMiddleware',
 'scrapy.downloadermiddlewares.redirect.RedirectMiddleware',
 'scrapy.downloadermiddlewares.cookies.CookiesMiddleware',
 'scrapy.downloadermiddlewares.httpproxy.HttpProxyMiddleware',
 'scrapy.downloadermiddlewares.stats.DownloaderStats']
2025-03-16 00:00:02 [scrapy.middleware] INFO: Enabled spider middlewares:
['scrapy.spidermiddlewares.httperror.HttpErrorMiddleware',
 'scrapy.spidermiddlewares.offsite.OffsiteMiddleware',
 'scrapy.spidermiddlewares.referer.RefererMiddleware',
 'scrapy.spidermiddlewares.urllength.UrlLengthMiddleware',
 'scrapy.spidermiddlewares.depth.DepthMiddleware']
2025-03-16 00:00:02 [scrapy.middleware] INFO: Enabled item pipelines:
[]
2025-03-16 00:00:02 [scrapy.core.engine] INFO: Spider opened
2025-03-16 00:00:02 [scrapy.extensions.logstats] INFO: Crawled 0 pages (at 0 pages/min), scraped 0 items (at 0 items/min)
2025-03-16 00:00:02 [scrapy.extensions.telnet] INFO: Telnet console listening on 127.0.0.1:6023
2025-03-16 00:00:02 [scrapy.core.engine] DEBUG: Crawled (200) <GET https://www.talem.org/extracurriculars> (referer: None)
2025-03-16 00:00:03 [scrapy.core.scraper] DEBUG: Scraped from <200 https://www.talem.org/extracurriculars>
{'source': 'talem', 'title': 'International Science Olympiad', 'category': 'Science', 'type': 'Competition', 'deadline': 'April 30, 2024', 'location': 'Online', 'isOnline': True, 'interests': ['Science', 'Research', 'Competition'], 'period': 'School Year', 'financialRating': 'Free', 'isHighlySelective': True}
2025-03-16 00:00:03 [scrapy.core.scraper] DEBUG: Scraped from <200 https://www.talem.org/extracurriculars>
{'source': 'talem', 'title': 'Global Youth Leadership Summit', 'category': 'Development', 'type': 'Leadership', 'deadline': 'May 15, 2024', 'location': 'New York, NY', 'isOnline': False, 'interests': ['Leadership', 'Public Speaking', 'International Relations'], 'period': 'Summer', 'financialRating': 'High Cost', 'isHighlySelective': True}
2025-03-16 00:00:03 [scrapy.core.scraper] DEBUG: Scraped from <200 https://www.talem.org/extracurriculars>
{'source': 'talem', 'title': 'Tech Startup Internship Program', 'category': 'Technology', 'type': 'Internship', 'deadline': 'March 31, 2024', 'location': 'San Francisco, CA', 'isOnline': False, 'interests': ['Technology', 'Entrepreneurship', 'Business'], 'period': 'Summer', 'financialRating': 'Paid', 'isHighlySelective': False}
2025-03-16 00:00:03 [scrapy.core.scraper] DEBUG: Scraped from <200 https://www.talem.org/extracurriculars>
{'source': 'talem', 'title': 'Local Science Fair', 'category': 'Science', 'type': 'Competition', 'deadline': 'February 28, 2024', 'location': 'Boston, MA', 'isOnline': False, 'interests': ['Science', 'Research', 'Innovation'], 'period': 'School Year', 'financialRating': 'Low Cost', 'isHighlySelective': False}
2025-03-16 00:00:03 [scrapy.core.scraper] DEBUG: Scraped from <200 https://www.talem.org/extracurriculars>
{'source': 'talem', 'title': 'AI Research Program', 'category': 'Technology', 'type': 'Research', 'deadline': 'June 1, 2024', 'location': 'Online', 'isOnline': True, 'interests': ['Artificial Intelligence', 'Computer Science', 'Research'], 'period': 'Summer', 'financialRating': 'Free', 'isHighlySelective': True}
2025-03-16 00:00:03 [scrapy.core.engine] INFO: Closing spider (finished)
2025-03-16 00:00:03 [scrapy.statscollectors] INFO: Dumping Scrapy stats:
{'downloader/request_bytes': 230,
 'downloader/request_count': 1,
 'downloader/request_method_count/GET': 1,
 'downloader/response_bytes': 2761,
 'downloader/response_count': 1,
 'downloader/response_status_count/200': 1,
 'elapsed_time_seconds': 0.914617,
 'finish_reason': 'finished',
 'finish_time': datetime.datetime(2025, 3, 15, 19, 0, 3, 9588, tzinfo=datetime.timezone.utc),
 'httpcompression/response_bytes': 5428,
 'httpcompression/response_count': 1,
 'item_scraped_count': 5,
 'log_count/DEBUG': 7,
 'log_count/INFO': 10,
 'log_count/WARNING': 2,
 'memusage/max': 57131008,
 'memusage/startup': 57131008,
 'response_received_count': 1,
 'scheduler/dequeued': 1,
 'scheduler/dequeued/memory': 1,
 'scheduler/enqueued': 1,
 'scheduler/enqueued/memory': 1,
 'start_time': datetime.datetime(2025, 3, 15, 19, 0, 2, 94971, tzinfo=datetime.timezone.utc)}
2025-03-16 00:00:03 [scrapy.core.engine] INFO: Spider closed (finished)
Response text: <!doctype html>
<html lang="en">
  <head>
    <script>
      document.addEventListener("contextmenu", function (e) {
        e.preventDefault();
      });
    </script>
      
    

    <link rel="canonical" href="https://talem.org">

    <meta charset="utf-8" />
    <link rel="icon" type="image/png" href="/assets/favicon-8a7bc247.ico" />
    <meta name="viewport" content="width=device-width, initial-scale=1" />
    <meta name="theme-color" content="#000000" />
    <!-- HTML Meta Tags -->
    <meta name="description" content="Find hundreds of high-quality extracurriculars & internships for highschoolers easily using our massive and free database.">

    <!-- Facebook Meta Tags -->
    <meta property="og:url" content="https://talem.org">
    <meta property="og:type" content="website">
    <meta property="og:title" content="Talem - #1 Extracurricular Finder for Highschoolers">
    <meta property="og:description" content="Find hundreds of high-quality extracurriculars & internships for hi
No activities found, adding sample data
Saved 5 activities to /Users/ansar/myfolio2/app/data/activities.json
